<?xml version="1.0" encoding="UTF-8"?>
<!-- Generated by org.testng.reporters.JUnitXMLReporter -->
<testsuite ignored="0" hostname="TTU-8SJKTG3" failures="0" tests="2" name="NegativeTests" time="24.467" errors="0" timestamp="2024-04-19T02:24:45 WEST">
  <testcase classname="com.herokuapp.theinternet.NegativeTests" name="incorrectUsernameTest" time="13.869"/>
  <testcase classname="com.herokuapp.theinternet.NegativeTests" name="incorrectPasswordTest" time="10.552"/>
</testsuite> <!-- NegativeTests -->
