<?xml version="1.0" encoding="UTF-8"?>
<!-- Generated by org.testng.reporters.JUnitXMLReporter -->
<testsuite ignored="1" hostname="TTU-8SJKTG3" failures="0" tests="1" name="NegativeUsernameTests" time="27.184" errors="0" timestamp="2024-04-20T06:11:04 WEST">
  <testcase classname="com.herokuapp.theinternet.LoginTests" name="negativeLoginTest" time="15.558"/>
  <testcase classname="com.herokuapp.theinternet.LoginTests" name="positiveLoginTest" time="0.0">
    <ignored/>
  </testcase> <!-- positiveLoginTest -->
</testsuite> <!-- NegativeUsernameTests -->
