<?xml version="1.0" encoding="UTF-8"?>
<!-- Generated by org.testng.reporters.JUnitXMLReporter -->
<testsuite ignored="1" hostname="TTU-8SJKTG3" failures="0" tests="1" name="PositiveTests" time="11.82" errors="0" timestamp="2024-04-20T06:10:37 WEST">
  <testcase classname="com.herokuapp.theinternet.LoginTests" name="@AfterMethod tearDown" time="-1.713589837034E9">
    <failure type="org.testng.TestNGException" message="
Can inject only one of &amp;lt;ITestContext, XmlTest, Method, Object[], ITestResult&amp;gt; into a @AfterMethod annotated tearDown.
For more information on native dependency injection please refer to https://testng.org/#_dependency_injection">
      <![CDATA[org.testng.TestNGException: 
Can inject only one of <ITestContext, XmlTest, Method, Object[], ITestResult> into a @AfterMethod annotated tearDown.
For more information on native dependency injection please refer to https://testng.org/#_dependency_injection
at java.base/java.util.ArrayList.forEach(ArrayList.java:1541)
... Removed 29 stack frames]]>
    </failure>
  </testcase> <!-- @AfterMethod tearDown -->
  <testcase classname="com.herokuapp.theinternet.LoginTests" name="positiveLoginTest" time="1.451"/>
  <testcase classname="com.herokuapp.theinternet.LoginTests" name="negativeLoginTest" time="0.0">
    <ignored/>
  </testcase> <!-- negativeLoginTest -->
</testsuite> <!-- PositiveTests -->
