<?xml version="1.0" encoding="UTF-8"?>
<!-- Generated by org.testng.reporters.JUnitXMLReporter -->
<testsuite ignored="0" hostname="TTU-8SJKTG3" failures="0" tests="2" name="NegativeTests" time="19.119" errors="0" timestamp="2024-04-18T02:17:57 WEST">
  <testcase classname="com.herokuapp.theinternet.NegativeTests" name="incorrectPasswordTest" time="7.915"/>
  <testcase classname="com.herokuapp.theinternet.NegativeTests" name="incorrectUsernameTest" time="11.198"/>
</testsuite> <!-- NegativeTests -->
