<?xml version="1.0" encoding="UTF-8"?>
<testng-results ignored="0" total="3" passed="3" failed="0" skipped="0">
  <reporter-output>
  </reporter-output>
  <suite started-at="2024-04-18T02:24:41 WEST" name="AllTests" finished-at="2024-04-18T02:25:20 WEST" duration-ms="39121">
    <groups>
    </groups>
    <test started-at="2024-04-18T02:24:41 WEST" name="PositiveTests" finished-at="2024-04-18T02:24:50 WEST" duration-ms="9560">
      <class name="com.herokuapp.theinternet.PositiveTests">
        <test-method signature="loginTest()[pri:0, instance:com.herokuapp.theinternet.PositiveTests@2805d709]" started-at="2024-04-18T02:24:41 WEST" name="loginTest" finished-at="2024-04-18T02:24:50 WEST" duration-ms="9524" status="PASS">
          <reporter-output>
          </reporter-output>
        </test-method> <!-- loginTest -->
      </class> <!-- com.herokuapp.theinternet.PositiveTests -->
    </test> <!-- PositiveTests -->
    <test started-at="2024-04-18T02:24:50 WEST" name="NegativeTests" finished-at="2024-04-18T02:25:20 WEST" duration-ms="29528">
      <class name="com.herokuapp.theinternet.NegativeTests">
        <test-method signature="incorrectPasswordTest()[pri:0, instance:com.herokuapp.theinternet.NegativeTests@2892d68]" started-at="2024-04-18T02:24:50 WEST" name="incorrectPasswordTest" finished-at="2024-04-18T02:25:03 WEST" duration-ms="12841" status="PASS">
          <reporter-output>
          </reporter-output>
        </test-method> <!-- incorrectPasswordTest -->
        <test-method signature="incorrectUsernameTest()[pri:0, instance:com.herokuapp.theinternet.NegativeTests@2892d68]" started-at="2024-04-18T02:25:03 WEST" name="incorrectUsernameTest" finished-at="2024-04-18T02:25:20 WEST" duration-ms="16685" status="PASS">
          <reporter-output>
          </reporter-output>
        </test-method> <!-- incorrectUsernameTest -->
      </class> <!-- com.herokuapp.theinternet.NegativeTests -->
    </test> <!-- NegativeTests -->
  </suite> <!-- AllTests -->
</testng-results>
