<?xml version="1.0" encoding="UTF-8"?>
<!-- Generated by org.testng.reporters.JUnitXMLReporter -->
<testsuite ignored="0" hostname="TTU-8SJKTG3" failures="0" tests="2" name="NegativeTests" time="29.528" errors="0" timestamp="2024-04-18T02:25:20 WEST">
  <testcase classname="com.herokuapp.theinternet.NegativeTests" name="incorrectPasswordTest" time="12.841"/>
  <testcase classname="com.herokuapp.theinternet.NegativeTests" name="incorrectUsernameTest" time="16.685"/>
</testsuite> <!-- NegativeTests -->
